Thu Jan 08 2015 21:17:55 GMT-0800 (PST):
{ [Error]
  stack: [Getter/Setter],
  string: '{"Code":"RequestTimeout","Message":"The operation timed out and could not be completed. Please retry the action or try again later.","ExtendedCode":"51007","MessageTemplate":"The operation timed out and could not be completed. Please retry the action or try again later.","Parameters":null,"InnerErrors":null}',
  statusCode: 408,
  __frame: 
   { name: 'siteAppsettings_listCommand__1',
     line: 33,
     file: '/usr/local/lib/node_modules/azure-cli/lib/commands/asm/site.appsetting._js',
     prev: undefined,
     active: false,
     offset: 12,
     col: 31 },
  rawStack: [Getter] }
Error
    at Function.ServiceClient._normalizeError (/usr/local/lib/node_modules/azure-cli/node_modules/azure-common/lib/services/serviceclient.js:809:23)
    at /usr/local/lib/node_modules/azure-cli/node_modules/azure-common/lib/services/filters/errorhandlingfilter.js:44:29
    at Request._callback (/usr/local/lib/node_modules/azure-cli/node_modules/azure-common/lib/http/request-pipeline.js:109:14)
    at Request.self.callback (/usr/local/lib/node_modules/azure-cli/node_modules/request/request.js:129:22)
    at Request.emit (events.js:98:17)
    at Request.<anonymous> (/usr/local/lib/node_modules/azure-cli/node_modules/request/request.js:873:14)
    at Request.emit (events.js:117:20)
    at IncomingMessage.<anonymous> (/usr/local/lib/node_modules/azure-cli/node_modules/request/request.js:824:12)
    at IncomingMessage.emit (events.js:117:20)
    at _stream_readable.js:944:16
    at siteAppsettings_listCommand__1 (/usr/local/lib/node_modules/azure-cli/lib/commands/asm/site.appsetting._js:45:31)

